2026-01-14 20:33:06,121 | ERROR | Attendence.student | student.py:35 | show_student_panel() | Failed to fetch open classes
Traceback (most recent call last):
  File "C:\Users\djadh\Downloads\Projects\attendencesys\atenv\lib\site-packages\httpx\_transports\default.py", line 101, in map_httpcore_exceptions
    yield
  File "C:\Users\djadh\Downloads\Projects\attendencesys\atenv\lib\site-packages\httpx\_transports\default.py", line 250, in handle_request
    resp = self._pool.handle_request(req)
  File "C:\Users\djadh\Downloads\Projects\attendencesys\atenv\lib\site-packages\httpcore\_sync\connection_pool.py", line 256, in handle_request
    raise exc from None
  File "C:\Users\djadh\Downloads\Projects\attendencesys\atenv\lib\site-packages\httpcore\_sync\connection_pool.py", line 236, in handle_request
    response = connection.handle_request(
  File "C:\Users\djadh\Downloads\Projects\attendencesys\atenv\lib\site-packages\httpcore\_sync\connection.py", line 101, in handle_request
    raise exc
  File "C:\Users\djadh\Downloads\Projects\attendencesys\atenv\lib\site-packages\httpcore\_sync\connection.py", line 78, in handle_request
    stream = self._connect(request)
  File "C:\Users\djadh\Downloads\Projects\attendencesys\atenv\lib\site-packages\httpcore\_sync\connection.py", line 124, in _connect
    stream = self._network_backend.connect_tcp(**kwargs)
  File "C:\Users\djadh\Downloads\Projects\attendencesys\atenv\lib\site-packages\httpcore\_backends\sync.py", line 207, in connect_tcp
    with map_exceptions(exc_map):
  File "C:\Users\djadh\AppData\Roaming\uv\python\cpython-3.10.18-windows-x86_64-none\lib\contextlib.py", line 153, in __exit__
    self.gen.throw(typ, value, traceback)
  File "C:\Users\djadh\Downloads\Projects\attendencesys\atenv\lib\site-packages\httpcore\_exceptions.py", line 14, in map_exceptions
    raise to_exc(exc) from exc
httpcore.ConnectError: [Errno 11001] getaddrinfo failed

The above exception was the direct cause of the following exception:

Traceback (most recent call last):
  File "C:\Users\djadh\Downloads\Projects\attendencesys\Attendence\student.py", line 27, in show_student_panel
    .execute()
  File "C:\Users\djadh\Downloads\Projects\attendencesys\atenv\lib\site-packages\postgrest\_sync\request_builder.py", line 47, in execute
    r = self.request.send()
  File "C:\Users\djadh\Downloads\Projects\attendencesys\atenv\lib\site-packages\postgrest\base_request_builder.py", line 81, in send
    return self.session.request(
  File "C:\Users\djadh\Downloads\Projects\attendencesys\atenv\lib\site-packages\httpx\_client.py", line 825, in request
    return self.send(request, auth=auth, follow_redirects=follow_redirects)
  File "C:\Users\djadh\Downloads\Projects\attendencesys\atenv\lib\site-packages\httpx\_client.py", line 914, in send
    response = self._send_handling_auth(
  File "C:\Users\djadh\Downloads\Projects\attendencesys\atenv\lib\site-packages\httpx\_client.py", line 942, in _send_handling_auth
    response = self._send_handling_redirects(
  File "C:\Users\djadh\Downloads\Projects\attendencesys\atenv\lib\site-packages\httpx\_client.py", line 979, in _send_handling_redirects
    response = self._send_single_request(request)
  File "C:\Users\djadh\Downloads\Projects\attendencesys\atenv\lib\site-packages\httpx\_client.py", line 1014, in _send_single_request
    response = transport.handle_request(request)
  File "C:\Users\djadh\Downloads\Projects\attendencesys\atenv\lib\site-packages\httpx\_transports\default.py", line 249, in handle_request
    with map_httpcore_exceptions():
  File "C:\Users\djadh\AppData\Roaming\uv\python\cpython-3.10.18-windows-x86_64-none\lib\contextlib.py", line 153, in __exit__
    self.gen.throw(typ, value, traceback)
  File "C:\Users\djadh\Downloads\Projects\attendencesys\atenv\lib\site-packages\httpx\_transports\default.py", line 118, in map_httpcore_exceptions
    raise mapped_exc(message) from exc
httpx.ConnectError: [Errno 11001] getaddrinfo failed
2026-01-14 20:34:07,266 | ERROR | Attendence.admin | admin.py:91 | class_controls() | Failed to fetch classes
Traceback (most recent call last):
  File "C:\Users\djadh\Downloads\Projects\attendencesys\atenv\lib\site-packages\httpx\_transports\default.py", line 101, in map_httpcore_exceptions
    yield
  File "C:\Users\djadh\Downloads\Projects\attendencesys\atenv\lib\site-packages\httpx\_transports\default.py", line 250, in handle_request
    resp = self._pool.handle_request(req)
  File "C:\Users\djadh\Downloads\Projects\attendencesys\atenv\lib\site-packages\httpcore\_sync\connection_pool.py", line 256, in handle_request
    raise exc from None
  File "C:\Users\djadh\Downloads\Projects\attendencesys\atenv\lib\site-packages\httpcore\_sync\connection_pool.py", line 236, in handle_request
    response = connection.handle_request(
  File "C:\Users\djadh\Downloads\Projects\attendencesys\atenv\lib\site-packages\httpcore\_sync\connection.py", line 101, in handle_request
    raise exc
  File "C:\Users\djadh\Downloads\Projects\attendencesys\atenv\lib\site-packages\httpcore\_sync\connection.py", line 78, in handle_request
    stream = self._connect(request)
  File "C:\Users\djadh\Downloads\Projects\attendencesys\atenv\lib\site-packages\httpcore\_sync\connection.py", line 124, in _connect
    stream = self._network_backend.connect_tcp(**kwargs)
  File "C:\Users\djadh\Downloads\Projects\attendencesys\atenv\lib\site-packages\httpcore\_backends\sync.py", line 207, in connect_tcp
    with map_exceptions(exc_map):
  File "C:\Users\djadh\AppData\Roaming\uv\python\cpython-3.10.18-windows-x86_64-none\lib\contextlib.py", line 153, in __exit__
    self.gen.throw(typ, value, traceback)
  File "C:\Users\djadh\Downloads\Projects\attendencesys\atenv\lib\site-packages\httpcore\_exceptions.py", line 14, in map_exceptions
    raise to_exc(exc) from exc
httpcore.ConnectError: [Errno 11001] getaddrinfo failed

The above exception was the direct cause of the following exception:

Traceback (most recent call last):
  File "C:\Users\djadh\Downloads\Projects\attendencesys\Attendence\admin.py", line 88, in class_controls
    classes_resp = supabase.table("classroom_settings").select("*").execute()
  File "C:\Users\djadh\Downloads\Projects\attendencesys\atenv\lib\site-packages\postgrest\_sync\request_builder.py", line 47, in execute
    r = self.request.send()
  File "C:\Users\djadh\Downloads\Projects\attendencesys\atenv\lib\site-packages\postgrest\base_request_builder.py", line 81, in send
    return self.session.request(
  File "C:\Users\djadh\Downloads\Projects\attendencesys\atenv\lib\site-packages\httpx\_client.py", line 825, in request
    return self.send(request, auth=auth, follow_redirects=follow_redirects)
  File "C:\Users\djadh\Downloads\Projects\attendencesys\atenv\lib\site-packages\httpx\_client.py", line 914, in send
    response = self._send_handling_auth(
  File "C:\Users\djadh\Downloads\Projects\attendencesys\atenv\lib\site-packages\httpx\_client.py", line 942, in _send_handling_auth
    response = self._send_handling_redirects(
  File "C:\Users\djadh\Downloads\Projects\attendencesys\atenv\lib\site-packages\httpx\_client.py", line 979, in _send_handling_redirects
    response = self._send_single_request(request)
  File "C:\Users\djadh\Downloads\Projects\attendencesys\atenv\lib\site-packages\httpx\_client.py", line 1014, in _send_single_request
    response = transport.handle_request(request)
  File "C:\Users\djadh\Downloads\Projects\attendencesys\atenv\lib\site-packages\httpx\_transports\default.py", line 249, in handle_request
    with map_httpcore_exceptions():
  File "C:\Users\djadh\AppData\Roaming\uv\python\cpython-3.10.18-windows-x86_64-none\lib\contextlib.py", line 153, in __exit__
    self.gen.throw(typ, value, traceback)
  File "C:\Users\djadh\Downloads\Projects\attendencesys\atenv\lib\site-packages\httpx\_transports\default.py", line 118, in map_httpcore_exceptions
    raise mapped_exc(message) from exc
httpx.ConnectError: [Errno 11001] getaddrinfo failed
